[0m20:15:28.471505 [debug] [MainThread]: Sending event: {'category': 'dbt', 'action': 'invocation', 'label': 'start', 'context': [<snowplow_tracker.self_describing_json.SelfDescribingJson object at 0x7b0a5efe4810>, <snowplow_tracker.self_describing_json.SelfDescribingJson object at 0x7b0a5efdf790>, <snowplow_tracker.self_describing_json.SelfDescribingJson object at 0x7b0a5efe50d0>]}


============================== 20:15:28.476221 | 42cadc48-9e94-4d5e-bf4f-01c07a57cc05 ==============================
[0m20:15:28.476221 [info ] [MainThread]: Running with dbt=1.10.8
[0m20:15:28.477388 [debug] [MainThread]: running dbt with arguments {'printer_width': '80', 'indirect_selection': 'eager', 'write_json': 'True', 'log_cache_events': 'False', 'partial_parse': 'True', 'cache_selected_only': 'False', 'profiles_dir': '/home/kinga/.dbt', 'fail_fast': 'False', 'debug': 'False', 'log_path': '/home/kinga/works/marketflow/logs', 'version_check': 'True', 'warn_error': 'None', 'use_colors': 'True', 'use_experimental_parser': 'False', 'empty': 'None', 'quiet': 'False', 'no_print': 'None', 'warn_error_options': 'WarnErrorOptionsV2(error=[], warn=[], silence=[])', 'introspect': 'True', 'static_parser': 'True', 'log_format': 'default', 'target_path': 'None', 'invocation_command': 'dbt debug --profile my_dbt_snowflake', 'send_anonymous_usage_stats': 'True'}
[0m20:15:28.492306 [info ] [MainThread]: dbt version: 1.10.8
[0m20:15:28.493220 [info ] [MainThread]: python version: 3.11.14
[0m20:15:28.493928 [info ] [MainThread]: python path: /data/models/anaconda3/envs/data-lab/bin/python3.11
[0m20:15:28.494566 [info ] [MainThread]: os info: Linux-6.8.0-86-generic-x86_64-with-glibc2.39
[0m20:15:29.306387 [info ] [MainThread]: Using profiles dir at /home/kinga/.dbt
[0m20:15:29.307310 [info ] [MainThread]: Using profiles.yml file at /home/kinga/.dbt/profiles.yml
[0m20:15:29.307979 [info ] [MainThread]: Using dbt_project.yml file at /home/kinga/works/marketflow/dbt_project.yml
[0m20:15:29.308901 [info ] [MainThread]: adapter type: snowflake
[0m20:15:29.309610 [info ] [MainThread]: adapter version: 1.9.1
[0m20:15:29.622852 [info ] [MainThread]: Configuration:
[0m20:15:29.623670 [info ] [MainThread]:   profiles.yml file [[32mOK found and valid[0m]
[0m20:15:29.624272 [info ] [MainThread]:   dbt_project.yml file [[32mOK found and valid[0m]
[0m20:15:29.624863 [info ] [MainThread]: Required dependencies:
[0m20:15:29.625472 [debug] [MainThread]: Executing "git --help"
[0m20:15:29.628686 [debug] [MainThread]: STDOUT: "b"usage: git [-v | --version] [-h | --help] [-C <path>] [-c <name>=<value>]\n           [--exec-path[=<path>]] [--html-path] [--man-path] [--info-path]\n           [-p | --paginate | -P | --no-pager] [--no-replace-objects] [--bare]\n           [--git-dir=<path>] [--work-tree=<path>] [--namespace=<name>]\n           [--config-env=<name>=<envvar>] <command> [<args>]\n\nThese are common Git commands used in various situations:\n\nstart a working area (see also: git help tutorial)\n   clone     Clone a repository into a new directory\n   init      Create an empty Git repository or reinitialize an existing one\n\nwork on the current change (see also: git help everyday)\n   add       Add file contents to the index\n   mv        Move or rename a file, a directory, or a symlink\n   restore   Restore working tree files\n   rm        Remove files from the working tree and from the index\n\nexamine the history and state (see also: git help revisions)\n   bisect    Use binary search to find the commit that introduced a bug\n   diff      Show changes between commits, commit and working tree, etc\n   grep      Print lines matching a pattern\n   log       Show commit logs\n   show      Show various types of objects\n   status    Show the working tree status\n\ngrow, mark and tweak your common history\n   branch    List, create, or delete branches\n   commit    Record changes to the repository\n   merge     Join two or more development histories together\n   rebase    Reapply commits on top of another base tip\n   reset     Reset current HEAD to the specified state\n   switch    Switch branches\n   tag       Create, list, delete or verify a tag object signed with GPG\n\ncollaborate (see also: git help workflows)\n   fetch     Download objects and refs from another repository\n   pull      Fetch from and integrate with another repository or a local branch\n   push      Update remote refs along with associated objects\n\n'git help -a' and 'git help -g' list available subcommands and some\nconcept guides. See 'git help <command>' or 'git help <concept>'\nto read about a specific subcommand or concept.\nSee 'git help git' for an overview of the system.\n""
[0m20:15:29.629333 [debug] [MainThread]: STDERR: "b''"
[0m20:15:29.629863 [info ] [MainThread]:  - git [[32mOK found[0m]

[0m20:15:29.630447 [info ] [MainThread]: Connection:
[0m20:15:29.631057 [info ] [MainThread]:   account: FOHEZHX-RL03760
[0m20:15:29.631646 [info ] [MainThread]:   user: OLEHKONDRACKI
[0m20:15:29.632170 [info ] [MainThread]:   database: dbt_db
[0m20:15:29.632729 [info ] [MainThread]:   warehouse: dbt_wh
[0m20:15:29.633285 [info ] [MainThread]:   role: accountadmin
[0m20:15:29.633858 [info ] [MainThread]:   schema: dbt_db_schema
[0m20:15:29.634401 [info ] [MainThread]:   authenticator: None
[0m20:15:29.634955 [info ] [MainThread]:   oauth_client_id: None
[0m20:15:29.635505 [info ] [MainThread]:   query_tag: None
[0m20:15:29.636091 [info ] [MainThread]:   client_session_keep_alive: False
[0m20:15:29.636691 [info ] [MainThread]:   host: None
[0m20:15:29.637247 [info ] [MainThread]:   port: None
[0m20:15:29.637829 [info ] [MainThread]:   proxy_host: None
[0m20:15:29.638391 [info ] [MainThread]:   proxy_port: None
[0m20:15:29.638998 [info ] [MainThread]:   protocol: None
[0m20:15:29.639593 [info ] [MainThread]:   connect_retries: 1
[0m20:15:29.640137 [info ] [MainThread]:   connect_timeout: None
[0m20:15:29.640728 [info ] [MainThread]:   retry_on_database_errors: False
[0m20:15:29.641281 [info ] [MainThread]:   retry_all: False
[0m20:15:29.641842 [info ] [MainThread]:   insecure_mode: False
[0m20:15:29.642354 [info ] [MainThread]:   reuse_connections: True
[0m20:15:29.643080 [info ] [MainThread]: Registered adapter: snowflake=1.9.1
[0m20:15:29.795274 [debug] [MainThread]: Acquiring new snowflake connection 'debug'
[0m20:15:29.828193 [debug] [MainThread]: Using snowflake connection "debug"
[0m20:15:29.828978 [debug] [MainThread]: On debug: select 1 as id
[0m20:15:29.829492 [debug] [MainThread]: Opening a new connection, currently in state init
[0m20:15:32.515866 [debug] [MainThread]: SQL status: SUCCESS 1 in 2.686 seconds
[0m20:15:32.517533 [info ] [MainThread]:   Connection test: [[32mOK connection ok[0m]

[0m20:15:32.518167 [info ] [MainThread]: [32mAll checks passed![0m
[0m20:15:32.519874 [debug] [MainThread]: Resource report: {"command_name": "debug", "command_success": true, "command_wall_clock_time": 4.1567807, "process_in_blocks": "0", "process_kernel_time": 0.627405, "process_mem_max_rss": "205252", "process_out_blocks": "32", "process_user_time": 3.591699}
[0m20:15:32.520663 [debug] [MainThread]: Command `dbt debug` succeeded at 20:15:32.520452 after 4.16 seconds
[0m20:15:32.521258 [debug] [MainThread]: Connection 'debug' was left open.
[0m20:15:32.521851 [debug] [MainThread]: On debug: Close
[0m20:15:32.628138 [debug] [MainThread]: Sending event: {'category': 'dbt', 'action': 'invocation', 'label': 'end', 'context': [<snowplow_tracker.self_describing_json.SelfDescribingJson object at 0x7b0a5fe9cc50>, <snowplow_tracker.self_describing_json.SelfDescribingJson object at 0x7b0a4b248b50>, <snowplow_tracker.self_describing_json.SelfDescribingJson object at 0x7b0a51983410>]}
[0m20:15:32.629165 [debug] [MainThread]: Flushing usage events
[0m20:15:33.180133 [debug] [MainThread]: An error was encountered while trying to flush usage events
[0m20:20:45.490091 [debug] [MainThread]: Sending event: {'category': 'dbt', 'action': 'invocation', 'label': 'start', 'context': [<snowplow_tracker.self_describing_json.SelfDescribingJson object at 0x761140cf9790>, <snowplow_tracker.self_describing_json.SelfDescribingJson object at 0x761140cf9710>, <snowplow_tracker.self_describing_json.SelfDescribingJson object at 0x761140cf9250>]}


============================== 20:20:45.494535 | 8d72ba61-9439-4a78-8a79-ed1210c2c0e3 ==============================
[0m20:20:45.494535 [info ] [MainThread]: Running with dbt=1.10.8
[0m20:20:45.495495 [debug] [MainThread]: running dbt with arguments {'printer_width': '80', 'indirect_selection': 'eager', 'write_json': 'True', 'log_cache_events': 'False', 'partial_parse': 'True', 'cache_selected_only': 'False', 'profiles_dir': '/home/kinga/.dbt', 'version_check': 'True', 'warn_error': 'None', 'log_path': '/home/kinga/works/marketflow/logs', 'debug': 'False', 'fail_fast': 'False', 'use_colors': 'True', 'use_experimental_parser': 'False', 'no_print': 'None', 'quiet': 'False', 'empty': 'None', 'warn_error_options': 'WarnErrorOptionsV2(error=[], warn=[], silence=[])', 'static_parser': 'True', 'invocation_command': 'dbt debug --profile my_dbt_snowflake', 'introspect': 'True', 'target_path': 'None', 'log_format': 'default', 'send_anonymous_usage_stats': 'True'}
[0m20:20:45.507135 [info ] [MainThread]: dbt version: 1.10.8
[0m20:20:45.507907 [info ] [MainThread]: python version: 3.11.14
[0m20:20:45.508673 [info ] [MainThread]: python path: /data/models/anaconda3/envs/data-lab/bin/python3.11
[0m20:20:45.509396 [info ] [MainThread]: os info: Linux-6.8.0-86-generic-x86_64-with-glibc2.39
[0m20:20:46.348366 [info ] [MainThread]: Using profiles dir at /home/kinga/.dbt
[0m20:20:46.349219 [info ] [MainThread]: Using profiles.yml file at /home/kinga/.dbt/profiles.yml
[0m20:20:46.349807 [info ] [MainThread]: Using dbt_project.yml file at /home/kinga/works/marketflow/dbt_project.yml
[0m20:20:46.350720 [info ] [MainThread]: adapter type: snowflake
[0m20:20:46.351304 [info ] [MainThread]: adapter version: 1.9.1
[0m20:20:46.665312 [info ] [MainThread]: Configuration:
[0m20:20:46.666146 [info ] [MainThread]:   profiles.yml file [[32mOK found and valid[0m]
[0m20:20:46.666776 [info ] [MainThread]:   dbt_project.yml file [[32mOK found and valid[0m]
[0m20:20:46.667467 [info ] [MainThread]: Required dependencies:
[0m20:20:46.668164 [debug] [MainThread]: Executing "git --help"
[0m20:20:46.671442 [debug] [MainThread]: STDOUT: "b"usage: git [-v | --version] [-h | --help] [-C <path>] [-c <name>=<value>]\n           [--exec-path[=<path>]] [--html-path] [--man-path] [--info-path]\n           [-p | --paginate | -P | --no-pager] [--no-replace-objects] [--bare]\n           [--git-dir=<path>] [--work-tree=<path>] [--namespace=<name>]\n           [--config-env=<name>=<envvar>] <command> [<args>]\n\nThese are common Git commands used in various situations:\n\nstart a working area (see also: git help tutorial)\n   clone     Clone a repository into a new directory\n   init      Create an empty Git repository or reinitialize an existing one\n\nwork on the current change (see also: git help everyday)\n   add       Add file contents to the index\n   mv        Move or rename a file, a directory, or a symlink\n   restore   Restore working tree files\n   rm        Remove files from the working tree and from the index\n\nexamine the history and state (see also: git help revisions)\n   bisect    Use binary search to find the commit that introduced a bug\n   diff      Show changes between commits, commit and working tree, etc\n   grep      Print lines matching a pattern\n   log       Show commit logs\n   show      Show various types of objects\n   status    Show the working tree status\n\ngrow, mark and tweak your common history\n   branch    List, create, or delete branches\n   commit    Record changes to the repository\n   merge     Join two or more development histories together\n   rebase    Reapply commits on top of another base tip\n   reset     Reset current HEAD to the specified state\n   switch    Switch branches\n   tag       Create, list, delete or verify a tag object signed with GPG\n\ncollaborate (see also: git help workflows)\n   fetch     Download objects and refs from another repository\n   pull      Fetch from and integrate with another repository or a local branch\n   push      Update remote refs along with associated objects\n\n'git help -a' and 'git help -g' list available subcommands and some\nconcept guides. See 'git help <command>' or 'git help <concept>'\nto read about a specific subcommand or concept.\nSee 'git help git' for an overview of the system.\n""
[0m20:20:46.672202 [debug] [MainThread]: STDERR: "b''"
[0m20:20:46.672747 [info ] [MainThread]:  - git [[32mOK found[0m]

[0m20:20:46.673323 [info ] [MainThread]: Connection:
[0m20:20:46.673932 [info ] [MainThread]:   account: FOHEZHX-RL03760
[0m20:20:46.674510 [info ] [MainThread]:   user: OLEHKONDRACKI
[0m20:20:46.675116 [info ] [MainThread]:   database: dbt_db
[0m20:20:46.675698 [info ] [MainThread]:   warehouse: dbt_wh
[0m20:20:46.676221 [info ] [MainThread]:   role: accountadmin
[0m20:20:46.676811 [info ] [MainThread]:   schema: dbt_db_schema
[0m20:20:46.677362 [info ] [MainThread]:   authenticator: None
[0m20:20:46.677952 [info ] [MainThread]:   oauth_client_id: None
[0m20:20:46.678497 [info ] [MainThread]:   query_tag: None
[0m20:20:46.679058 [info ] [MainThread]:   client_session_keep_alive: False
[0m20:20:46.679632 [info ] [MainThread]:   host: None
[0m20:20:46.680210 [info ] [MainThread]:   port: None
[0m20:20:46.680776 [info ] [MainThread]:   proxy_host: None
[0m20:20:46.681303 [info ] [MainThread]:   proxy_port: None
[0m20:20:46.681863 [info ] [MainThread]:   protocol: None
[0m20:20:46.682404 [info ] [MainThread]:   connect_retries: 1
[0m20:20:46.682999 [info ] [MainThread]:   connect_timeout: None
[0m20:20:46.683532 [info ] [MainThread]:   retry_on_database_errors: False
[0m20:20:46.684122 [info ] [MainThread]:   retry_all: False
[0m20:20:46.684673 [info ] [MainThread]:   insecure_mode: False
[0m20:20:46.685214 [info ] [MainThread]:   reuse_connections: True
[0m20:20:46.685968 [info ] [MainThread]: Registered adapter: snowflake=1.9.1
[0m20:20:46.876776 [debug] [MainThread]: Acquiring new snowflake connection 'debug'
[0m20:20:46.911059 [debug] [MainThread]: Using snowflake connection "debug"
[0m20:20:46.911725 [debug] [MainThread]: On debug: select 1 as id
[0m20:20:46.912200 [debug] [MainThread]: Opening a new connection, currently in state init
[0m20:20:49.403956 [debug] [MainThread]: Snowflake adapter: Error running SQL: select 1 as id
[0m20:20:49.404790 [debug] [MainThread]: Snowflake adapter: Rolling back transaction.
[0m20:20:49.405360 [info ] [MainThread]:   Connection test: [[31mERROR[0m]

[0m20:20:49.405945 [info ] [MainThread]: [31m1 check failed:[0m
[0m20:20:49.406486 [info ] [MainThread]: dbt was unable to connect to the specified database.
The database returned the following error:

  >Database Error
  250001 (08001): Failed to connect to DB: FOHEZHX-RL03760.snowflakecomputing.com:443. Incorrect username or password was specified.

Check your database credentials and try again. For more information, visit:
https://docs.getdbt.com/docs/configure-your-profile


[0m20:20:49.408103 [debug] [MainThread]: Resource report: {"command_name": "debug", "command_success": false, "command_wall_clock_time": 4.027508, "process_in_blocks": "0", "process_kernel_time": 0.669127, "process_mem_max_rss": "205308", "process_out_blocks": "40", "process_user_time": 3.622424}
[0m20:20:49.408832 [debug] [MainThread]: Command `dbt debug` failed at 20:20:49.408653 after 4.03 seconds
[0m20:20:49.409442 [debug] [MainThread]: Connection 'debug' was left open.
[0m20:20:49.410024 [debug] [MainThread]: On debug: No close available on handle
[0m20:20:49.410650 [debug] [MainThread]: Sending event: {'category': 'dbt', 'action': 'invocation', 'label': 'end', 'context': [<snowplow_tracker.self_describing_json.SelfDescribingJson object at 0x761140d407d0>, <snowplow_tracker.self_describing_json.SelfDescribingJson object at 0x761140d43350>, <snowplow_tracker.self_describing_json.SelfDescribingJson object at 0x761141f75e50>]}
[0m20:20:49.411440 [debug] [MainThread]: Flushing usage events
[0m20:20:49.887288 [debug] [MainThread]: An error was encountered while trying to flush usage events
